<?xml version="1.0" encoding="UTF-8"?>
<!-- Generated by org.testng.reporters.JUnitReportReporter -->
<testsuite hostname="MFG-Deepika" failures="0" tests="2" name="javaPackage.TestNG1" time="0.024" errors="0" timestamp="2022-06-17T11:49:06 IST" skipped="0">
  <testcase classname="javaPackage.TestNG1" name="a2" time="0.005"/>
  <system-out/>
  <testcase classname="javaPackage.TestNG1" name="a1" time="0.019"/>
  <system-out/>
</testsuite> <!-- javaPackage.TestNG1 -->
